<?xml version="1.0" encoding="UTF-8"?>
<testsuite xmlns:xsi="http://www.w3.org/2001/XMLSchema-instance" xsi:noNamespaceSchemaLocation="https://maven.apache.org/surefire/maven-surefire-plugin/xsd/surefire-test-report-3.0.xsd" version="3.0" name="io.econexion.repository.UserRepositoryTest" time="1.1" tests="4" errors="0" skipped="0" failures="0">
  <properties>
[...]
</properties>
  <testcase name="save_duplicateEmail_throwsConstraintViolation" classname="io.econexion.repository.UserRepositoryTest" time="0.043">
    <system-out><![CDATA[2025-11-13T21:19:16.185-05:00  INFO 40008 --- [           main] t.c.s.AnnotationConfigContextLoaderUtils : Could not detect default configuration classes for test class [io.econexion.repository.UserRepositoryTest]: UserRepositoryTest does not declare any static, non-private, non-final, nested classes annotated with @Configuration.
2025-11-13T21:19:16.230-05:00  INFO 40008 --- [           main] .b.t.c.SpringBootTestContextBootstrapper : Found @SpringBootConfiguration io.econexion.EconexionLabApplication for test class io.econexion.repository.UserRepositoryTest

  .   ____          _            __ _ _
 /\\ / ___'_ __ _ _(_)_ __  __ _ \ \ \ \
( ( )\___ | '_ | '_| | '_ \/ _` | \ \ \ \
 \\/  ___)| |_)| | | | | || (_| |  ) ) ) )
  '  |____| .__|_| |_|_| |_\__, | / / / /
 =========|_|==============|___/=/_/_/_/

 :: Spring Boot ::                (v3.3.3)

2025-11-13T21:19:16.294-05:00  INFO 40008 --- [           main] i.e.repository.UserRepositoryTest        : Starting UserRepositoryTest using Java 21.0.7 with PID 40008 (started by usuario in C:\Users\usuario\OneDrive\Documents\Econexion-back-tests(1)\Econexion-back)
2025-11-13T21:19:16.294-05:00  INFO 40008 --- [           main] i.e.repository.UserRepositoryTest        : The following 1 profile is active: "test"
2025-11-13T21:19:16.483-05:00  INFO 40008 --- [           main] .s.d.r.c.RepositoryConfigurationDelegate : Bootstrapping Spring Data JPA repositories in DEFAULT mode.
2025-11-13T21:19:16.528-05:00  INFO 40008 --- [           main] .s.d.r.c.RepositoryConfigurationDelegate : Finished Spring Data repository scanning in 44 ms. Found 5 JPA repository interfaces.
2025-11-13T21:19:16.545-05:00  INFO 40008 --- [           main] beddedDataSourceBeanFactoryPostProcessor : Replacing 'dataSource' DataSource bean with embedded version
2025-11-13T21:19:16.594-05:00  INFO 40008 --- [           main] o.s.j.d.e.EmbeddedDatabaseFactory        : Starting embedded database: url='jdbc:h2:mem:7f0a1e90-85c5-4b52-8c06-5e9fef2b757f;DB_CLOSE_DELAY=-1;DB_CLOSE_ON_EXIT=false', username='sa'
2025-11-13T21:19:16.654-05:00  INFO 40008 --- [           main] o.hibernate.jpa.internal.util.LogHelper  : HHH000204: Processing PersistenceUnitInfo [name: default]
2025-11-13T21:19:16.675-05:00  INFO 40008 --- [           main] o.h.c.internal.RegionFactoryInitiator    : HHH000026: Second-level cache disabled
2025-11-13T21:19:16.704-05:00  INFO 40008 --- [           main] o.s.o.j.p.SpringPersistenceUnitInfo      : No LoadTimeWeaver setup: ignoring JPA class transformer
2025-11-13T21:19:16.708-05:00  WARN 40008 --- [           main] org.hibernate.dialect.Dialect            : HHH000511: The 2.2.224 version for [org.hibernate.dialect.PostgreSQLDialect] is no longer supported, hence certain features may not work properly. The minimum supported version is 12.0.0. Check the community dialects project for available legacy versions.
2025-11-13T21:19:16.708-05:00  WARN 40008 --- [           main] org.hibernate.orm.deprecation            : HHH90000025: PostgreSQLDialect does not need to be specified explicitly using 'hibernate.dialect' (remove the property setting and it will be selected by default)
2025-11-13T21:19:16.992-05:00  INFO 40008 --- [           main] o.h.e.t.j.p.i.JtaPlatformInitiator       : HHH000489: No JTA platform available (set 'hibernate.transaction.jta.platform' to enable JTA platform integration)
Hibernate: alter table if exists chat_messages drop constraint if exists FKqgkanrr90j46564w4ww63jcna
Hibernate: alter table if exists conversation_participants drop constraint if exists FKjukjgq6uinvvk4307y8u9lixu
Hibernate: alter table if exists conversation_participants drop constraint if exists FK84npv3fo2vwl7ut63im0p417q
Hibernate: alter table if exists conversations drop constraint if exists FKoj0kb2ga9n13e34w10o6m19ys
Hibernate: alter table if exists messages drop constraint if exists FKt492th6wsovh1nush5yl5jj8e
Hibernate: alter table if exists messages drop constraint if exists FK4ui4nnwntodh6wjvck53dbk9m
Hibernate: alter table if exists offers drop constraint if exists FK9yilcimbeupq2lyrqr1nlrjyb
Hibernate: alter table if exists offers drop constraint if exists FKf9kb71nj1mqlxl8ha92ljbcis
Hibernate: alter table if exists posts drop constraint if exists FK5lidm6cqbc7u4xhqpxm898qme
Hibernate: drop table if exists chat_conversations cascade
Hibernate: drop table if exists chat_messages cascade
Hibernate: drop table if exists conversation_participants cascade
Hibernate: drop table if exists conversations cascade
Hibernate: drop table if exists messages cascade
Hibernate: drop table if exists offers cascade
Hibernate: drop table if exists posts cascade
Hibernate: drop table if exists users cascade
Hibernate: create table chat_conversations (created_at timestamp(6) with time zone not null, id bigint generated by default as identity, offer_id bigint not null, participant1_id bigint not null, participant2_id bigint not null, updated_at timestamp(6) with time zone not null, primary key (id), unique (offer_id, participant1_id, participant2_id))
Hibernate: create table chat_messages (conversation_id bigint not null, created_at timestamp(6) with time zone not null, id bigint generated by default as identity, sender_id bigint not null, text varchar(5000) not null, primary key (id))
Hibernate: create table conversation_participants (conversation_id uuid not null, user_id uuid not null)
Hibernate: create table conversations (id uuid not null, offer_id uuid not null unique, primary key (id))
Hibernate: create table messages (date timestamp(6) not null, conversation_id uuid not null, id uuid not null, sender_id uuid not null, text TEXT not null, primary key (id))
Hibernate: create table offers (amount float(53) not null, price float(53) not null, id uuid not null, post_id uuid, user_id uuid, description varchar(1000) not null, message varchar(1000) not null, title varchar(255) not null, primary key (id))
Hibernate: create table posts (price float(53) not null, quantity float(53) not null, id uuid not null, user_id uuid, content varchar(2000) not null, description varchar(2000) not null, location varchar(255) not null, material varchar(255) not null, title varchar(255) not null, primary key (id))
Hibernate: create table users (id uuid not null, email varchar(255) not null unique, enterprise_name varchar(255) not null, name varchar(255) not null, nit varchar(255) not null, password varchar(255) not null, rol varchar(255) not null, primary key (id))
Hibernate: create index idx_chat_conv_offer on chat_conversations (offer_id)
Hibernate: create index idx_chat_conv_updated on chat_conversations (updated_at)
Hibernate: create index idx_chat_msg_conv_created on chat_messages (conversation_id, created_at)
Hibernate: alter table if exists chat_messages add constraint FKqgkanrr90j46564w4ww63jcna foreign key (conversation_id) references chat_conversations
Hibernate: alter table if exists conversation_participants add constraint FKjukjgq6uinvvk4307y8u9lixu foreign key (user_id) references users
Hibernate: alter table if exists conversation_participants add constraint FK84npv3fo2vwl7ut63im0p417q foreign key (conversation_id) references conversations
Hibernate: alter table if exists conversations add constraint FKoj0kb2ga9n13e34w10o6m19ys foreign key (offer_id) references offers
Hibernate: alter table if exists messages add constraint FKt492th6wsovh1nush5yl5jj8e foreign key (conversation_id) references conversations
Hibernate: alter table if exists messages add constraint FK4ui4nnwntodh6wjvck53dbk9m foreign key (sender_id) references users
Hibernate: alter table if exists offers add constraint FK9yilcimbeupq2lyrqr1nlrjyb foreign key (user_id) references users
Hibernate: alter table if exists offers add constraint FKf9kb71nj1mqlxl8ha92ljbcis foreign key (post_id) references posts
Hibernate: alter table if exists posts add constraint FK5lidm6cqbc7u4xhqpxm898qme foreign key (user_id) references users
2025-11-13T21:19:17.040-05:00  INFO 40008 --- [           main] j.LocalContainerEntityManagerFactoryBean : Initialized JPA EntityManagerFactory for persistence unit 'default'
2025-11-13T21:19:17.175-05:00  INFO 40008 --- [           main] i.e.repository.UserRepositoryTest        : Started UserRepositoryTest in 0.942 seconds (process running for 60.542)
Hibernate: insert into users (email,enterprise_name,nit,password,rol,name,id) values (?,?,?,?,?,?,?)
Hibernate: insert into users (email,enterprise_name,nit,password,rol,name,id) values (?,?,?,?,?,?,?)
2025-11-13T21:19:17.199-05:00  WARN 40008 --- [           main] o.h.engine.jdbc.spi.SqlExceptionHelper   : SQL Error: 23505, SQLState: 23505
2025-11-13T21:19:17.200-05:00 ERROR 40008 --- [           main] o.h.engine.jdbc.spi.SqlExceptionHelper   : Violación de indice de Unicidad ó Clave primaria: "PUBLIC.CONSTRAINT_INDEX_4 ON PUBLIC.USERS(EMAIL NULLS FIRST) VALUES ( /* 1 */ 'dup@mail.com' )"
Unique index or primary key violation: "PUBLIC.CONSTRAINT_INDEX_4 ON PUBLIC.USERS(EMAIL NULLS FIRST) VALUES ( /* 1 */ 'dup@mail.com' )"; SQL statement:
insert into users (email,enterprise_name,nit,password,rol,name,id) values (?,?,?,?,?,?,?) [23505-224]
]]></system-out>
  </testcase>
  <testcase name="save_findByEmail_delete" classname="io.econexion.repository.UserRepositoryTest" time="0.021">
    <system-out><![CDATA[Hibernate: insert into users (email,enterprise_name,nit,password,rol,name,id) values (?,?,?,?,?,?,?)
Hibernate: select u1_0.id,u1_0.email,u1_0.enterprise_name,u1_0.nit,u1_0.password,u1_0.rol,u1_0.name from users u1_0 where u1_0.email=?
]]></system-out>
  </testcase>
  <testcase name="findByEmail_notFound_returnsEmpty" classname="io.econexion.repository.UserRepositoryTest" time="0.011">
    <system-out><![CDATA[Hibernate: select u1_0.id,u1_0.email,u1_0.enterprise_name,u1_0.nit,u1_0.password,u1_0.rol,u1_0.name from users u1_0 where u1_0.email=?
]]></system-out>
  </testcase>
  <testcase name="update_persistsChanges" classname="io.econexion.repository.UserRepositoryTest" time="0.019">
    <system-out><![CDATA[Hibernate: insert into users (email,enterprise_name,nit,password,rol,name,id) values (?,?,?,?,?,?,?)
Hibernate: update users set email=?,enterprise_name=?,nit=?,password=?,rol=?,name=? where id=?
Hibernate: select u1_0.id,u1_0.email,u1_0.enterprise_name,u1_0.nit,u1_0.password,u1_0.rol,u1_0.name from users u1_0 where u1_0.email=?
]]></system-out>
  </testcase>
</testsuite>